<?xml version="1.0" encoding="UTF-8"?>
<!-- Generated by org.testng.reporters.JUnitReportReporter -->
<testsuite hostname="mtayyabansari" failures="0" tests="1" name="qa.com.testcases.InvalidLoginTest" time="4.634" errors="0" timestamp="2024-07-01T17:13:47 PKT" skipped="0">
  <testcase classname="qa.com.testcases.InvalidLoginTest" name="loginWithInvalidCredentials" time="4.634"/>
  <system-out/>
</testsuite> <!-- qa.com.testcases.InvalidLoginTest -->
