<?xml version="1.0" encoding="UTF-8"?>
<!-- Generated by org.testng.reporters.JUnitReportReporter -->
<testsuite hostname="mtayyabansari" failures="0" tests="2" name="qa.com.testcases.loginTest" time="7.644" errors="0" timestamp="2024-07-01T17:13:47 PKT" skipped="0">
  <testcase classname="qa.com.testcases.loginTest" name="loginWithValidCredentials" time="5.182"/>
  <system-out/>
  <testcase classname="qa.com.testcases.loginTest" name="sortItemsLowToHighAndAddToCart" time="2.462"/>
  <system-out/>
</testsuite> <!-- qa.com.testcases.loginTest -->
